<?xml version="1.0" encoding="UTF-8"?>
<!-- Generated by org.testng.reporters.JUnitReportReporter -->
<testsuite hostname="PRATIK" failures="0" tests="1" name="GoogleTest" time="8.563" errors="0" timestamp="2022-12-08T12:50:43 IST" skipped="0">
  <testcase classname="GoogleTest" name="homePageCheck" time="8.563"/>
  <system-out/>
</testsuite> <!-- GoogleTest -->
