<?xml version="1.0" encoding="UTF-8"?>
<!-- Generated by org.testng.reporters.JUnitReportReporter -->
<testsuite hostname="PRATIK" failures="0" tests="1" name="GoogleTest2" time="18.655" errors="0" timestamp="2022-12-08T12:50:43 IST" skipped="0">
  <testcase classname="GoogleTest2" name="homePageCheck" time="18.655"/>
  <system-out/>
</testsuite> <!-- GoogleTest2 -->
